<!DOCTYPE html PUBLIC "-//W3C//DTD XHTML 1.1//EN" "https://www.w3.org/TR/xhtml11/DTD/xhtml11.dtd">
<html xmlns="https://www.w3.org/1999/xhtml">
<head>
<meta http-equiv="content-type" content="text/html; charset=UTF-8"/>
<title>TestNG Report</title>
<style type="text/css">table {margin-bottom:10px;border-collapse:collapse;empty-cells:show}th,td {border:1px solid #009;padding:.25em .5em}th {vertical-align:bottom}td {vertical-align:top}table a {font-weight:bold}.stripe td {background-color: #E6EBF9}.num {text-align:right}.passedodd td {background-color: #3F3}.passedeven td {background-color: #0A0}.skippedodd td {background-color: #DDD}.skippedeven td {background-color: #CCC}.failedodd td,.attn {background-color: #F33}.failedeven td,.stripe .attn {background-color: #D00}.stacktrace {white-space:pre;font-family:monospace}.totop {font-size:85%;text-align:center;border-bottom:2px solid #000}.invisible {display:none}</style>
</head>
<body>
<table>
<tr><th>Test</th><th># Passed</th><th># Skipped</th><th># Retried</th><th># Failed</th><th>Time (ms)</th><th>Included Groups</th><th>Excluded Groups</th></tr>
<tr><th colspan="8">SuiteSanityOne</th></tr>
<tr><td><a href="#t0">TestOne</a></td><td class="num">16</td><td class="num attn">1</td><td class="num attn">11</td><td class="num attn">10</td><td class="num">2,405,851</td><td></td><td></td></tr>
</table>
<table id='summary'><thead><tr><th>Class</th><th>Method</th><th>Start</th><th>Time (ms)</th></tr></thead><tbody><tr><th colspan="4">SuiteSanityOne</th></tr></tbody><tbody id="t0"><tr><th colspan="4">TestOne &#8212; failed (configuration methods)</th></tr><tr class="failedeven"><td rowspan="1">checkingFilters.FiltersonBrokeragePage</td><td><a href="#m0">browserConfig</a></td><td rowspan="1">1707474009319</td><td rowspan="1">181123</td></tr><tr><th colspan="4">TestOne &#8212; failed</th></tr><tr class="failedeven"><td rowspan="1">addBrokerageScheme.AddBookingBrokerage</td><td><a href="#m1">addBookingBrokerage</a></td><td rowspan="1">1707475149239</td><td rowspan="1">14886</td></tr><tr class="failedodd"><td rowspan="1">addBrokerageScheme.AddEveryBrokerage</td><td><a href="#m2">addEveryBrokerage</a></td><td rowspan="1">1707475021527</td><td rowspan="1">16728</td></tr><tr class="failedeven"><td rowspan="1">addBrokerageScheme.AddSpotBrokerage</td><td><a href="#m3">addSpotBrokerage</a></td><td rowspan="1">1707474958365</td><td rowspan="1">32183</td></tr><tr class="failedodd"><td rowspan="1">addBrokerageScheme.AddWalkinBrokerage</td><td><a href="#m4">addWalkinBrokerage</a></td><td rowspan="1">1707474909652</td><td rowspan="1">26288</td></tr><tr class="failedeven"><td rowspan="1">addBrokerageScheme.AddbothBrokerages</td><td><a href="#m5">addbothBrokerages</a></td><td rowspan="1">1707475073758</td><td rowspan="1">23536</td></tr><tr class="failedodd"><td rowspan="1">basicCPFlow.SuiteOne</td><td><a href="#m6">addBooking</a></td><td rowspan="1">1707474487516</td><td rowspan="1">132889</td></tr><tr class="failedeven"><td rowspan="1">checkingFilters.FiltersonProjectPage</td><td><a href="#m7">checkFilters</a></td><td rowspan="1">1707473821468</td><td rowspan="1">20229</td></tr><tr class="failedodd"><td rowspan="1">checkingFilters.FiltersonWalkinPage</td><td><a href="#m8">TC01</a></td><td rowspan="1">1707473942091</td><td rowspan="1">21361</td></tr><tr class="failedeven"><td rowspan="1">rechargeWallet.RechargeWallet</td><td><a href="#m9">rechargeProjectWallet</a></td><td rowspan="1">1707475251085</td><td rowspan="1">54916</td></tr><tr class="failedodd"><td rowspan="1">userApprovalsinCompany.UserInExistingCompany</td><td><a href="#m10">approveCP</a></td><td rowspan="1">1707473750221</td><td rowspan="1">8674</td></tr><tr><th colspan="4">TestOne &#8212; skipped</th></tr><tr class="skippedeven"><td rowspan="1">checkingFilters.FiltersonBrokeragePage</td><td><a href="#m11">TC01</a></td><td rowspan="1">1707474190445</td><td rowspan="1">0</td></tr><tr><th colspan="4">TestOne &#8212; retried</th></tr><tr class="retriedeven"><td rowspan="1">addBrokerageScheme.AddBookingBrokerage</td><td><a href="#m12">addBookingBrokerage</a></td><td rowspan="1">1707475127737</td><td rowspan="1">16791</td></tr><tr class="retriedodd"><td rowspan="1">addBrokerageScheme.AddEveryBrokerage</td><td><a href="#m13">addEveryBrokerage</a></td><td rowspan="1">1707475002272</td><td rowspan="1">15050</td></tr><tr class="retriedeven"><td rowspan="1">addBrokerageScheme.AddSpotBrokerage</td><td><a href="#m14">addSpotBrokerage</a></td><td rowspan="1">1707474942458</td><td rowspan="1">13695</td></tr><tr class="retriedodd"><td rowspan="1">addBrokerageScheme.AddWalkinBrokerage</td><td><a href="#m15">addWalkinBrokerage</a></td><td rowspan="1">1707474884902</td><td rowspan="1">20344</td></tr><tr class="retriedeven"><td rowspan="1">addBrokerageScheme.AddbothBrokerages</td><td><a href="#m16">addbothBrokerages</a></td><td rowspan="1">1707475040890</td><td rowspan="1">28114</td></tr><tr class="retriedodd"><td rowspan="1">basicCPFlow.SuiteOne</td><td><a href="#m17">addBooking</a></td><td rowspan="1">1707474257539</td><td rowspan="1">184987</td></tr><tr class="retriedeven"><td rowspan="1">checkingFilters.FiltersonProjectPage</td><td><a href="#m18">checkFilters</a></td><td rowspan="1">1707473768970</td><td rowspan="1">21471</td></tr><tr class="retriedodd"><td rowspan="1">checkingFilters.FiltersonWalkinPage</td><td><a href="#m19">TC01</a></td><td rowspan="1">1707473917560</td><td rowspan="1">21199</td></tr><tr class="retriedeven"><td rowspan="1">cpUserRegistration.CpOnboardingwithExisting</td><td><a href="#m20">cpOnboardingwithExisting</a></td><td rowspan="1">1707473484699</td><td rowspan="1">190903</td></tr><tr class="retriedodd"><td rowspan="1">rechargeWallet.RechargeWallet</td><td><a href="#m21">rechargeProjectWallet</a></td><td rowspan="1">1707475168934</td><td rowspan="1">70520</td></tr><tr class="retriedeven"><td rowspan="1">userApprovalsinCompany.UserInExistingCompany</td><td><a href="#m22">approveCP</a></td><td rowspan="1">1707473735221</td><td rowspan="1">8447</td></tr><tr><th colspan="4">TestOne &#8212; passed</th></tr><tr class="passedeven"><td rowspan="1">addInternalUser.AddUsers</td><td><a href="#m23">addUsers</a></td><td rowspan="1">1707473236013</td><td rowspan="1">25782</td></tr><tr class="passedodd"><td rowspan="1">addNewProject.AddNewProject</td><td><a href="#m24">addProject</a></td><td rowspan="1">1707473194433</td><td rowspan="1">38208</td></tr><tr class="passedeven"><td rowspan="1">checkingFilters.FiltersonBookingPage</td><td><a href="#m25">TC01</a></td><td rowspan="1">1707473967787</td><td rowspan="1">41378</td></tr><tr class="passedodd"><td rowspan="2">checkingFilters.FiltersonProjectPage</td><td><a href="#m26">checkInactiveProjects</a></td><td rowspan="1">1707473847332</td><td rowspan="1">45268</td></tr><tr class="passedodd"><td><a href="#m27">checkPossessionDate</a></td><td rowspan="1">1707473894197</td><td rowspan="1">19947</td></tr><tr class="passedeven"><td rowspan="1">cpUserRegistration.CPuserRegistrationwithNewCompany</td><td><a href="#m28">cpOnboardingwithNew</a></td><td rowspan="1">1707473393174</td><td rowspan="1">57896</td></tr><tr class="passedodd"><td rowspan="1">cpUserRegistration.CpOnboardingwithExisting</td><td><a href="#m29">cpOnboardingwithExisting</a></td><td rowspan="1">1707473700052</td><td rowspan="1">27262</td></tr><tr class="passedeven"><td rowspan="1">cphActions.BookingActions</td><td><a href="#m30">bookingCphActions</a></td><td rowspan="1">1707474639724</td><td rowspan="1">66316</td></tr><tr class="passedodd"><td rowspan="1">cphActions.WalkinActions</td><td><a href="#m31">walkinActions</a></td><td rowspan="1">1707474864646</td><td rowspan="1">16808</td></tr><tr class="passedeven"><td rowspan="1">dsmActions.BookingActions</td><td><a href="#m32">bookingDsmActions</a></td><td rowspan="1">1707474622399</td><td rowspan="1">13663</td></tr><tr class="passedodd"><td rowspan="1">dsmActions.WalkinActions</td><td><a href="#m33">walkinActions</a></td><td rowspan="1">1707474709828</td><td rowspan="1">122961</td></tr><tr class="passedeven"><td rowspan="1">rechargeWallet.EditIncentives</td><td><a href="#m34">TC03</a></td><td rowspan="1">1707475373735</td><td rowspan="1">39611</td></tr><tr class="passedodd"><td rowspan="1">rechargeWallet.EditProject</td><td><a href="#m35">TC04</a></td><td rowspan="1">1707475345653</td><td rowspan="1">24014</td></tr><tr class="passedeven"><td rowspan="1">rechargeWallet.TransferWalletBalance</td><td><a href="#m36">TC02</a></td><td rowspan="1">1707475416195</td><td rowspan="1">13601</td></tr><tr class="passedodd"><td rowspan="1">userApprovalsinCompany.ApprovalofPartnerCompany</td><td><a href="#m37">approveCompany</a></td><td rowspan="1">1707473454633</td><td rowspan="1">27428</td></tr><tr class="passedeven"><td rowspan="1">userLogIn.UserLogin</td><td><a href="#m38">logIn</a></td><td rowspan="1">1707473048408</td><td rowspan="1">139580</td></tr></tbody>
</table>
<h2>TestOne</h2><h3 id="m0">checkingFilters.FiltersonBrokeragePage#browserConfig</h3><table class="result"><tr><th>Exception</th></tr><tr><td><div class="stacktrace">org.openqa.selenium.TimeoutException: java.util.concurrent.TimeoutException
Build info: version: &apos;4.17.0&apos;, revision: &apos;e52b1be057*&apos;
System info: os.name: &apos;Windows 11&apos;, os.arch: &apos;amd64&apos;, os.version: &apos;10.0&apos;, java.version: &apos;19&apos;
Driver info: org.openqa.selenium.chrome.ChromeDriver
Command: [48478be068cdf840a5f1d1fc70ec9122, get {url=https://lpmobile.iris1.selldoapp.com/}]
Capabilities {acceptInsecureCerts: false, browserName: chrome, browserVersion: 121.0.6167.87, chrome: {chromedriverVersion: 121.0.6167.85 (3f98d690ad7e..., userDataDir: C:\Users\SIF-L\AppData\Loca...}, fedcm:accounts: true, goog:chromeOptions: {debuggerAddress: localhost:50835}, networkConnectionEnabled: false, pageLoadStrategy: normal, platformName: windows, proxy: Proxy(), se:cdp: ws://localhost:50835/devtoo..., se:cdpVersion: 121.0.6167.87, setWindowRect: true, strictFileInteractability: false, timeouts: {implicit: 0, pageLoad: 300000, script: 30000}, unhandledPromptBehavior: dismiss and notify, webauthn:extension:credBlob: true, webauthn:extension:largeBlob: true, webauthn:extension:minPinLength: true, webauthn:extension:prf: true, webauthn:virtualAuthenticators: true}
Session ID: 48478be068cdf840a5f1d1fc70ec9122
	at org.openqa.selenium.remote.http.jdk.JdkHttpClient.execute0(JdkHttpClient.java:402)
	at org.openqa.selenium.remote.http.AddSeleniumUserAgent.lambda$apply$0(AddSeleniumUserAgent.java:42)
	at org.openqa.selenium.remote.http.Filter.lambda$andFinally$1(Filter.java:55)
	at org.openqa.selenium.remote.http.jdk.JdkHttpClient.execute(JdkHttpClient.java:358)
	at org.openqa.selenium.remote.HttpCommandExecutor.execute(HttpCommandExecutor.java:187)
	at org.openqa.selenium.remote.service.DriverCommandExecutor.invokeExecute(DriverCommandExecutor.java:216)
	at org.openqa.selenium.remote.service.DriverCommandExecutor.execute(DriverCommandExecutor.java:174)
	at org.openqa.selenium.remote.RemoteWebDriver.execute(RemoteWebDriver.java:519)
	at org.openqa.selenium.remote.RemoteWebDriver.get(RemoteWebDriver.java:301)
	at pom.beyondwalls.utility.BaseTest.browserConfig(BaseTest.java:123)
	at java.base/java.util.ArrayList.forEach(ArrayList.java:1511)
Caused by: java.util.concurrent.TimeoutException
	at java.base/java.util.concurrent.CompletableFuture.timedGet(CompletableFuture.java:1960)
	at java.base/java.util.concurrent.CompletableFuture.get(CompletableFuture.java:2095)
	at org.openqa.selenium.remote.http.jdk.JdkHttpClient.execute0(JdkHttpClient.java:385)
	... 39 more
... Removed 29 stack frames</div></td></tr></table><p class="totop"><a href="#summary">back to summary</a></p>
<h3 id="m1">addBrokerageScheme.AddBookingBrokerage#addBookingBrokerage</h3><table class="result"><tr><th>Exception</th></tr><tr><td><div class="stacktrace">org.openqa.selenium.NoSuchElementException: Cannot locate option with index: 1
For documentation on this error, please visit: https://www.selenium.dev/documentation/webdriver/troubleshooting/errors#no-such-element-exception
Build info: version: &apos;4.17.0&apos;, revision: &apos;e52b1be057*&apos;
System info: os.name: &apos;Windows 11&apos;, os.arch: &apos;amd64&apos;, os.version: &apos;10.0&apos;, java.version: &apos;19&apos;
Driver info: driver.version: unknown
	at org.openqa.selenium.support.ui.Select.setSelectedByIndex(Select.java:303)
	at org.openqa.selenium.support.ui.Select.selectByIndex(Select.java:179)
	at pom.userActions.addBrokerageScheme.selectResource(addBrokerageScheme.java:140)
	at addBrokerageScheme.AddBookingBrokerage.addBookingBrokerage(AddBookingBrokerage.java:25)
	at java.base/java.util.ArrayList.forEach(ArrayList.java:1511)
... Removed 25 stack frames</div></td></tr></table><p class="totop"><a href="#summary">back to summary</a></p>
<h3 id="m2">addBrokerageScheme.AddEveryBrokerage#addEveryBrokerage</h3><table class="result"><tr><th>Exception</th></tr><tr><td><div class="stacktrace">org.openqa.selenium.ElementClickInterceptedException: element click intercepted: Element &lt;input required=&quot;required&quot; class=&quot;form-check-input wd-22&quot; type=&quot;radio&quot; value=&quot;non_spot&quot; name=&quot;incentive_scheme[booking_type]&quot; id=&quot;incentive_scheme_booking_type_non_spot&quot; style=&quot;border: 5px solid green;&quot;&gt; is not clickable at point (1381, 10). Other element would receive the click: &lt;h3 class=&quot;title&quot;&gt;...&lt;/h3&gt;
  (Session info: chrome=121.0.6167.87)
Build info: version: &apos;4.17.0&apos;, revision: &apos;e52b1be057*&apos;
System info: os.name: &apos;Windows 11&apos;, os.arch: &apos;amd64&apos;, os.version: &apos;10.0&apos;, java.version: &apos;19&apos;
Driver info: org.openqa.selenium.chrome.ChromeDriver
Command: [427085b6dc94cddefa61c8baa26b3fa9, clickElement {id=85F492938C638491E37CD4760809A999_element_214}]
Capabilities {acceptInsecureCerts: false, browserName: chrome, browserVersion: 121.0.6167.87, chrome: {chromedriverVersion: 121.0.6167.85 (3f98d690ad7e..., userDataDir: C:\Users\SIF-L\AppData\Loca...}, fedcm:accounts: true, goog:chromeOptions: {debuggerAddress: localhost:52930}, networkConnectionEnabled: false, pageLoadStrategy: normal, platformName: windows, proxy: Proxy(), se:cdp: ws://localhost:52930/devtoo..., se:cdpVersion: 121.0.6167.87, setWindowRect: true, strictFileInteractability: false, timeouts: {implicit: 0, pageLoad: 300000, script: 30000}, unhandledPromptBehavior: dismiss and notify, webauthn:extension:credBlob: true, webauthn:extension:largeBlob: true, webauthn:extension:minPinLength: true, webauthn:extension:prf: true, webauthn:virtualAuthenticators: true}
Element: [[ChromeDriver: chrome on windows (427085b6dc94cddefa61c8baa26b3fa9)] -&gt; xpath: //input[@id=&apos;incentive_scheme_booking_type_non_spot&apos;]]
Session ID: 427085b6dc94cddefa61c8baa26b3fa9
	at org.openqa.selenium.remote.codec.w3c.W3CHttpResponseCodec.createException(W3CHttpResponseCodec.java:185)
	at org.openqa.selenium.remote.codec.w3c.W3CHttpResponseCodec.decode(W3CHttpResponseCodec.java:134)
	at org.openqa.selenium.remote.codec.w3c.W3CHttpResponseCodec.decode(W3CHttpResponseCodec.java:51)
	at org.openqa.selenium.remote.HttpCommandExecutor.execute(HttpCommandExecutor.java:190)
	at org.openqa.selenium.remote.service.DriverCommandExecutor.invokeExecute(DriverCommandExecutor.java:216)
	at org.openqa.selenium.remote.service.DriverCommandExecutor.execute(DriverCommandExecutor.java:174)
	at org.openqa.selenium.remote.RemoteWebDriver.execute(RemoteWebDriver.java:519)
	at org.openqa.selenium.remote.RemoteWebElement.execute(RemoteWebElement.java:223)
	at org.openqa.selenium.remote.RemoteWebElement.click(RemoteWebElement.java:76)
	at org.openqa.selenium.support.pagefactory.internal.LocatingElementHandler.invoke(LocatingElementHandler.java:51)
	at jdk.proxy2/jdk.proxy2.$Proxy14.click(Unknown Source)
	at pom.userActions.addBrokerageScheme.selectEveryBookingType(addBrokerageScheme.java:166)
	at addBrokerageScheme.AddEveryBrokerage.addEveryBrokerage(AddEveryBrokerage.java:25)
	at java.base/java.util.ArrayList.forEach(ArrayList.java:1511)
... Removed 30 stack frames</div></td></tr></table><p class="totop"><a href="#summary">back to summary</a></p>
<h3 id="m3">addBrokerageScheme.AddSpotBrokerage#addSpotBrokerage</h3><table class="result"><tr><th>Exception</th></tr><tr><td><div class="stacktrace">org.openqa.selenium.NoSuchElementException: Cannot locate option with index: 1
For documentation on this error, please visit: https://www.selenium.dev/documentation/webdriver/troubleshooting/errors#no-such-element-exception
Build info: version: &apos;4.17.0&apos;, revision: &apos;e52b1be057*&apos;
System info: os.name: &apos;Windows 11&apos;, os.arch: &apos;amd64&apos;, os.version: &apos;10.0&apos;, java.version: &apos;19&apos;
Driver info: driver.version: unknown
	at org.openqa.selenium.support.ui.Select.setSelectedByIndex(Select.java:303)
	at org.openqa.selenium.support.ui.Select.selectByIndex(Select.java:179)
	at pom.userActions.addBrokerageScheme.selectResource(addBrokerageScheme.java:140)
	at addBrokerageScheme.AddSpotBrokerage.addSpotBrokerage(AddSpotBrokerage.java:25)
	at java.base/java.util.ArrayList.forEach(ArrayList.java:1511)
... Removed 25 stack frames</div></td></tr></table><p class="totop"><a href="#summary">back to summary</a></p>
<h3 id="m4">addBrokerageScheme.AddWalkinBrokerage#addWalkinBrokerage</h3><table class="result"><tr><th>Exception</th></tr><tr><td><div class="stacktrace">org.openqa.selenium.NoSuchElementException: Cannot locate option with index: 1
For documentation on this error, please visit: https://www.selenium.dev/documentation/webdriver/troubleshooting/errors#no-such-element-exception
Build info: version: &apos;4.17.0&apos;, revision: &apos;e52b1be057*&apos;
System info: os.name: &apos;Windows 11&apos;, os.arch: &apos;amd64&apos;, os.version: &apos;10.0&apos;, java.version: &apos;19&apos;
Driver info: driver.version: unknown
	at org.openqa.selenium.support.ui.Select.setSelectedByIndex(Select.java:303)
	at org.openqa.selenium.support.ui.Select.selectByIndex(Select.java:179)
	at pom.userActions.addBrokerageScheme.selectResource(addBrokerageScheme.java:140)
	at addBrokerageScheme.AddWalkinBrokerage.addWalkinBrokerage(AddWalkinBrokerage.java:25)
	at java.base/java.util.ArrayList.forEach(ArrayList.java:1511)
... Removed 25 stack frames</div></td></tr></table><p class="totop"><a href="#summary">back to summary</a></p>
<h3 id="m5">addBrokerageScheme.AddbothBrokerages#addbothBrokerages</h3><table class="result"><tr><th>Exception</th></tr><tr><td><div class="stacktrace">org.openqa.selenium.NoSuchElementException: Cannot locate option with index: 1
For documentation on this error, please visit: https://www.selenium.dev/documentation/webdriver/troubleshooting/errors#no-such-element-exception
Build info: version: &apos;4.17.0&apos;, revision: &apos;e52b1be057*&apos;
System info: os.name: &apos;Windows 11&apos;, os.arch: &apos;amd64&apos;, os.version: &apos;10.0&apos;, java.version: &apos;19&apos;
Driver info: driver.version: unknown
	at org.openqa.selenium.support.ui.Select.setSelectedByIndex(Select.java:303)
	at org.openqa.selenium.support.ui.Select.selectByIndex(Select.java:179)
	at pom.userActions.addBrokerageScheme.selectResource(addBrokerageScheme.java:140)
	at addBrokerageScheme.AddbothBrokerages.addbothBrokerages(AddbothBrokerages.java:25)
	at java.base/java.util.ArrayList.forEach(ArrayList.java:1511)
... Removed 25 stack frames</div></td></tr></table><p class="totop"><a href="#summary">back to summary</a></p>
<h3 id="m6">basicCPFlow.SuiteOne#addBooking</h3><table class="result"><tr><th>Exception</th></tr><tr><td><div class="stacktrace">org.openqa.selenium.TimeoutException: Expected condition failed: waiting for visibility of Proxy element for: DefaultElementLocator &apos;By.xpath: //input[@value=&apos;Save&apos;]&apos; (tried for 5 second(s) with 500 milliseconds interval)
	at org.openqa.selenium.support.ui.WebDriverWait.timeoutException(WebDriverWait.java:84)
	at org.openqa.selenium.support.ui.FluentWait.until(FluentWait.java:228)
	at pom.beyondwalls.utility.ReusableUtils.waitUntilVisiblity(ReusableUtils.java:163)
	at pom.userActions.AddBooking.submitForm(AddBooking.java:134)
	at basicCPFlow.SuiteOne.addBooking(SuiteOne.java:56)
	at java.base/java.util.ArrayList.forEach(ArrayList.java:1511)
Caused by: org.openqa.selenium.NoSuchElementException: no such element: Unable to locate element: {&quot;method&quot;:&quot;xpath&quot;,&quot;selector&quot;:&quot;//input[@value=&apos;Save&apos;]&quot;}
  (Session info: chrome=121.0.6167.87)
For documentation on this error, please visit: https://www.selenium.dev/documentation/webdriver/troubleshooting/errors#no-such-element-exception
Build info: version: &apos;4.17.0&apos;, revision: &apos;e52b1be057*&apos;
System info: os.name: &apos;Windows 11&apos;, os.arch: &apos;amd64&apos;, os.version: &apos;10.0&apos;, java.version: &apos;19&apos;
Driver info: org.openqa.selenium.chrome.ChromeDriver
Command: [4cb016bd111f1fb3c738cef833853775, findElement {value=//input[@value=&apos;Save&apos;], using=xpath}]
Capabilities {acceptInsecureCerts: false, browserName: chrome, browserVersion: 121.0.6167.87, chrome: {chromedriverVersion: 121.0.6167.85 (3f98d690ad7e..., userDataDir: C:\Users\SIF-L\AppData\Loca...}, fedcm:accounts: true, goog:chromeOptions: {debuggerAddress: localhost:51527}, networkConnectionEnabled: false, pageLoadStrategy: normal, platformName: windows, proxy: Proxy(), se:cdp: ws://localhost:51527/devtoo..., se:cdpVersion: 121.0.6167.87, setWindowRect: true, strictFileInteractability: false, timeouts: {implicit: 0, pageLoad: 300000, script: 30000}, unhandledPromptBehavior: dismiss and notify, webauthn:extension:credBlob: true, webauthn:extension:largeBlob: true, webauthn:extension:minPinLength: true, webauthn:extension:prf: true, webauthn:virtualAuthenticators: true}
Session ID: 4cb016bd111f1fb3c738cef833853775
	at org.openqa.selenium.remote.codec.w3c.W3CHttpResponseCodec.createException(W3CHttpResponseCodec.java:185)
	at org.openqa.selenium.remote.codec.w3c.W3CHttpResponseCodec.decode(W3CHttpResponseCodec.java:134)
	at org.openqa.selenium.remote.codec.w3c.W3CHttpResponseCodec.decode(W3CHttpResponseCodec.java:51)
	at org.openqa.selenium.remote.HttpCommandExecutor.execute(HttpCommandExecutor.java:190)
	at org.openqa.selenium.remote.service.DriverCommandExecutor.invokeExecute(DriverCommandExecutor.java:216)
	at org.openqa.selenium.remote.service.DriverCommandExecutor.execute(DriverCommandExecutor.java:174)
	at org.openqa.selenium.remote.RemoteWebDriver.execute(RemoteWebDriver.java:519)
	at org.openqa.selenium.remote.ElementLocation$ElementFinder$2.findElement(ElementLocation.java:165)
	at org.openqa.selenium.remote.ElementLocation.findElement(ElementLocation.java:59)
	at org.openqa.selenium.remote.RemoteWebDriver.findElement(RemoteWebDriver.java:356)
	at org.openqa.selenium.remote.RemoteWebDriver.findElement(RemoteWebDriver.java:350)
	at org.openqa.selenium.support.pagefactory.DefaultElementLocator.findElement(DefaultElementLocator.java:68)
	at org.openqa.selenium.support.pagefactory.internal.LocatingElementHandler.invoke(LocatingElementHandler.java:38)
	at jdk.proxy2/jdk.proxy2.$Proxy14.isDisplayed(Unknown Source)
	at org.openqa.selenium.support.ui.ExpectedConditions.elementIfVisible(ExpectedConditions.java:304)
	at org.openqa.selenium.support.ui.ExpectedConditions$10.apply(ExpectedConditions.java:290)
	at org.openqa.selenium.support.ui.ExpectedConditions$10.apply(ExpectedConditions.java:287)
	at org.openqa.selenium.support.ui.FluentWait.until(FluentWait.java:203)
	... 29 more
... Removed 28 stack frames</div></td></tr></table><p class="totop"><a href="#summary">back to summary</a></p>
<h3 id="m7">checkingFilters.FiltersonProjectPage#checkFilters</h3><table class="result"><tr><th>Exception</th></tr><tr><td><div class="stacktrace">org.openqa.selenium.TimeoutException: Expected condition failed: waiting for element to be clickable: [[ChromeDriver: chrome on windows (d354bda15a235b9ee672411b80aeaeaf)] -&gt; xpath: //input[@id=&apos;fltrs_possession&apos;]] (tried for 5 second(s) with 500 milliseconds interval)
Build info: version: &apos;4.17.0&apos;, revision: &apos;e52b1be057*&apos;
System info: os.name: &apos;Windows 11&apos;, os.arch: &apos;amd64&apos;, os.version: &apos;10.0&apos;, java.version: &apos;19&apos;
Driver info: org.openqa.selenium.chrome.ChromeDriver
Capabilities {acceptInsecureCerts: false, browserName: chrome, browserVersion: 121.0.6167.87, chrome: {chromedriverVersion: 121.0.6167.85 (3f98d690ad7e..., userDataDir: C:\Users\SIF-L\AppData\Loca...}, fedcm:accounts: true, goog:chromeOptions: {debuggerAddress: localhost:50189}, networkConnectionEnabled: false, pageLoadStrategy: normal, platformName: windows, proxy: Proxy(), se:cdp: ws://localhost:50189/devtoo..., se:cdpVersion: 121.0.6167.87, setWindowRect: true, strictFileInteractability: false, timeouts: {implicit: 0, pageLoad: 300000, script: 30000}, unhandledPromptBehavior: dismiss and notify, webauthn:extension:credBlob: true, webauthn:extension:largeBlob: true, webauthn:extension:minPinLength: true, webauthn:extension:prf: true, webauthn:virtualAuthenticators: true}
Session ID: d354bda15a235b9ee672411b80aeaeaf
	at org.openqa.selenium.support.ui.WebDriverWait.timeoutException(WebDriverWait.java:84)
	at org.openqa.selenium.support.ui.FluentWait.until(FluentWait.java:228)
	at pom.beyondwalls.utility.ReusableUtils.waitUntilClickable(ReusableUtils.java:219)
	at pom.userActions.FiltersonProjectListing.enterpossessionDate(FiltersonProjectListing.java:126)
	at checkingFilters.FiltersonProjectPage.checkFilters(FiltersonProjectPage.java:23)
	at java.base/java.util.ArrayList.forEach(ArrayList.java:1511)
... Removed 25 stack frames</div></td></tr></table><p class="totop"><a href="#summary">back to summary</a></p>
<h3 id="m8">checkingFilters.FiltersonWalkinPage#TC01</h3><table class="result"><tr><th>Exception</th></tr><tr><td><div class="stacktrace">org.openqa.selenium.TimeoutException: Expected condition failed: waiting for element to be clickable: [[ChromeDriver: chrome on windows (361d3da91de598f3884415a97f51b953)] -&gt; xpath: //input[@value=&apos;Apply&apos;]] (tried for 5 second(s) with 500 milliseconds interval)
Build info: version: &apos;4.17.0&apos;, revision: &apos;e52b1be057*&apos;
System info: os.name: &apos;Windows 11&apos;, os.arch: &apos;amd64&apos;, os.version: &apos;10.0&apos;, java.version: &apos;19&apos;
Driver info: org.openqa.selenium.chrome.ChromeDriver
Capabilities {acceptInsecureCerts: false, browserName: chrome, browserVersion: 121.0.6167.87, chrome: {chromedriverVersion: 121.0.6167.85 (3f98d690ad7e..., userDataDir: C:\Users\SIF-L\AppData\Loca...}, fedcm:accounts: true, goog:chromeOptions: {debuggerAddress: localhost:50626}, networkConnectionEnabled: false, pageLoadStrategy: normal, platformName: windows, proxy: Proxy(), se:cdp: ws://localhost:50626/devtoo..., se:cdpVersion: 121.0.6167.87, setWindowRect: true, strictFileInteractability: false, timeouts: {implicit: 0, pageLoad: 300000, script: 30000}, unhandledPromptBehavior: dismiss and notify, webauthn:extension:credBlob: true, webauthn:extension:largeBlob: true, webauthn:extension:minPinLength: true, webauthn:extension:prf: true, webauthn:virtualAuthenticators: true}
Session ID: 361d3da91de598f3884415a97f51b953
	at org.openqa.selenium.support.ui.WebDriverWait.timeoutException(WebDriverWait.java:84)
	at org.openqa.selenium.support.ui.FluentWait.until(FluentWait.java:228)
	at pom.beyondwalls.utility.ReusableUtils.waitUntilClickable(ReusableUtils.java:219)
	at pom.userActions.FiltersonWalkinsListing.applyFilter(FiltersonWalkinsListing.java:197)
	at checkingFilters.FiltersonWalkinPage.TC01(FiltersonWalkinPage.java:26)
	at java.base/java.util.ArrayList.forEach(ArrayList.java:1511)
... Removed 25 stack frames</div></td></tr></table><p class="totop"><a href="#summary">back to summary</a></p>
<h3 id="m9">rechargeWallet.RechargeWallet#rechargeProjectWallet</h3><table class="result"><tr><th>Exception</th></tr><tr><td><div class="stacktrace">org.openqa.selenium.TimeoutException: Expected condition failed: waiting for element to be clickable: Proxy element for: DefaultElementLocator &apos;By.cssSelector: button[method=&apos;netbanking&apos;]&apos; (tried for 5 second(s) with 500 milliseconds interval)
	at org.openqa.selenium.support.ui.WebDriverWait.timeoutException(WebDriverWait.java:84)
	at org.openqa.selenium.support.ui.FluentWait.until(FluentWait.java:228)
	at pom.beyondwalls.utility.ReusableUtils.waitUntilClickable(ReusableUtils.java:219)
	at pom.userActions.WalletRecharge.razorPayFlow(WalletRecharge.java:214)
	at rechargeWallet.RechargeWallet.rechargeProjectWallet(RechargeWallet.java:28)
	at java.base/java.util.ArrayList.forEach(ArrayList.java:1511)
Caused by: org.openqa.selenium.NoSuchElementException: no such element: Unable to locate element: {&quot;method&quot;:&quot;css selector&quot;,&quot;selector&quot;:&quot;button[method=&apos;netbanking&apos;]&quot;}
  (Session info: chrome=121.0.6167.87)
For documentation on this error, please visit: https://www.selenium.dev/documentation/webdriver/troubleshooting/errors#no-such-element-exception
Build info: version: &apos;4.17.0&apos;, revision: &apos;e52b1be057*&apos;
System info: os.name: &apos;Windows 11&apos;, os.arch: &apos;amd64&apos;, os.version: &apos;10.0&apos;, java.version: &apos;19&apos;
Driver info: org.openqa.selenium.chrome.ChromeDriver
Command: [033b3b1981753aea9d71cc0dc4ac0739, findElement {value=button[method=&apos;netbanking&apos;], using=css selector}]
Capabilities {acceptInsecureCerts: false, browserName: chrome, browserVersion: 121.0.6167.87, chrome: {chromedriverVersion: 121.0.6167.85 (3f98d690ad7e..., userDataDir: C:\Users\SIF-L\AppData\Loca...}, fedcm:accounts: true, goog:chromeOptions: {debuggerAddress: localhost:53681}, networkConnectionEnabled: false, pageLoadStrategy: normal, platformName: windows, proxy: Proxy(), se:cdp: ws://localhost:53681/devtoo..., se:cdpVersion: 121.0.6167.87, setWindowRect: true, strictFileInteractability: false, timeouts: {implicit: 0, pageLoad: 300000, script: 30000}, unhandledPromptBehavior: dismiss and notify, webauthn:extension:credBlob: true, webauthn:extension:largeBlob: true, webauthn:extension:minPinLength: true, webauthn:extension:prf: true, webauthn:virtualAuthenticators: true}
Session ID: 033b3b1981753aea9d71cc0dc4ac0739
	at org.openqa.selenium.remote.codec.w3c.W3CHttpResponseCodec.createException(W3CHttpResponseCodec.java:185)
	at org.openqa.selenium.remote.codec.w3c.W3CHttpResponseCodec.decode(W3CHttpResponseCodec.java:134)
	at org.openqa.selenium.remote.codec.w3c.W3CHttpResponseCodec.decode(W3CHttpResponseCodec.java:51)
	at org.openqa.selenium.remote.HttpCommandExecutor.execute(HttpCommandExecutor.java:190)
	at org.openqa.selenium.remote.service.DriverCommandExecutor.invokeExecute(DriverCommandExecutor.java:216)
	at org.openqa.selenium.remote.service.DriverCommandExecutor.execute(DriverCommandExecutor.java:174)
	at org.openqa.selenium.remote.RemoteWebDriver.execute(RemoteWebDriver.java:519)
	at org.openqa.selenium.remote.ElementLocation$ElementFinder$2.findElement(ElementLocation.java:165)
	at org.openqa.selenium.remote.ElementLocation.findElement(ElementLocation.java:59)
	at org.openqa.selenium.remote.RemoteWebDriver.findElement(RemoteWebDriver.java:356)
	at org.openqa.selenium.remote.RemoteWebDriver.findElement(RemoteWebDriver.java:350)
	at org.openqa.selenium.support.pagefactory.DefaultElementLocator.findElement(DefaultElementLocator.java:68)
	at org.openqa.selenium.support.pagefactory.internal.LocatingElementHandler.invoke(LocatingElementHandler.java:38)
	at jdk.proxy2/jdk.proxy2.$Proxy14.isDisplayed(Unknown Source)
	at org.openqa.selenium.support.ui.ExpectedConditions.elementIfVisible(ExpectedConditions.java:304)
	at org.openqa.selenium.support.ui.ExpectedConditions$10.apply(ExpectedConditions.java:290)
	at org.openqa.selenium.support.ui.ExpectedConditions$10.apply(ExpectedConditions.java:287)
	at org.openqa.selenium.support.ui.ExpectedConditions$23.apply(ExpectedConditions.java:656)
	at org.openqa.selenium.support.ui.ExpectedConditions$23.apply(ExpectedConditions.java:652)
	at org.openqa.selenium.support.ui.FluentWait.until(FluentWait.java:203)
	... 29 more
... Removed 28 stack frames</div></td></tr></table><p class="totop"><a href="#summary">back to summary</a></p>
<h3 id="m10">userApprovalsinCompany.UserInExistingCompany#approveCP</h3><table class="result"><tr><th>Exception</th></tr><tr><td><div class="stacktrace">org.openqa.selenium.TimeoutException: Expected condition failed: waiting for visibility of [[ChromeDriver: chrome on windows (bd8f9497b357e38f05bbfbe4733b2eaa)] -&gt; xpath: //input[@id=&apos;user_login_otp&apos;]] (tried for 5 second(s) with 500 milliseconds interval)
Build info: version: &apos;4.17.0&apos;, revision: &apos;e52b1be057*&apos;
System info: os.name: &apos;Windows 11&apos;, os.arch: &apos;amd64&apos;, os.version: &apos;10.0&apos;, java.version: &apos;19&apos;
Driver info: org.openqa.selenium.chrome.ChromeDriver
Capabilities {acceptInsecureCerts: false, browserName: chrome, browserVersion: 121.0.6167.87, chrome: {chromedriverVersion: 121.0.6167.85 (3f98d690ad7e..., userDataDir: C:\Users\SIF-L\AppData\Loca...}, fedcm:accounts: true, goog:chromeOptions: {debuggerAddress: localhost:50000}, networkConnectionEnabled: false, pageLoadStrategy: normal, platformName: windows, proxy: Proxy(), se:cdp: ws://localhost:50000/devtoo..., se:cdpVersion: 121.0.6167.87, setWindowRect: true, strictFileInteractability: false, timeouts: {implicit: 0, pageLoad: 300000, script: 30000}, unhandledPromptBehavior: dismiss and notify, webauthn:extension:credBlob: true, webauthn:extension:largeBlob: true, webauthn:extension:minPinLength: true, webauthn:extension:prf: true, webauthn:virtualAuthenticators: true}
Session ID: bd8f9497b357e38f05bbfbe4733b2eaa
	at org.openqa.selenium.support.ui.WebDriverWait.timeoutException(WebDriverWait.java:84)
	at org.openqa.selenium.support.ui.FluentWait.until(FluentWait.java:228)
	at pom.beyondwalls.utility.ReusableUtils.waitUntilVisiblity(ReusableUtils.java:163)
	at pom.userActions.LoginPage.enterUserOtp(LoginPage.java:68)
	at pom.userActions.LoginPage.logIn(LoginPage.java:109)
	at userApprovalsinCompany.UserInExistingCompany.approveCP(UserInExistingCompany.java:14)
	at java.base/java.util.ArrayList.forEach(ArrayList.java:1511)
... Removed 25 stack frames</div></td></tr></table><p class="totop"><a href="#summary">back to summary</a></p>
<h3 id="m11">checkingFilters.FiltersonBrokeragePage#TC01</h3><table class="result"><tr><th>Exception</th></tr><tr><td><div class="stacktrace">org.openqa.selenium.TimeoutException: java.util.concurrent.TimeoutException
Build info: version: &apos;4.17.0&apos;, revision: &apos;e52b1be057*&apos;
System info: os.name: &apos;Windows 11&apos;, os.arch: &apos;amd64&apos;, os.version: &apos;10.0&apos;, java.version: &apos;19&apos;
Driver info: org.openqa.selenium.chrome.ChromeDriver
Command: [48478be068cdf840a5f1d1fc70ec9122, get {url=https://lpmobile.iris1.selldoapp.com/}]
Capabilities {acceptInsecureCerts: false, browserName: chrome, browserVersion: 121.0.6167.87, chrome: {chromedriverVersion: 121.0.6167.85 (3f98d690ad7e..., userDataDir: C:\Users\SIF-L\AppData\Loca...}, fedcm:accounts: true, goog:chromeOptions: {debuggerAddress: localhost:50835}, networkConnectionEnabled: false, pageLoadStrategy: normal, platformName: windows, proxy: Proxy(), se:cdp: ws://localhost:50835/devtoo..., se:cdpVersion: 121.0.6167.87, setWindowRect: true, strictFileInteractability: false, timeouts: {implicit: 0, pageLoad: 300000, script: 30000}, unhandledPromptBehavior: dismiss and notify, webauthn:extension:credBlob: true, webauthn:extension:largeBlob: true, webauthn:extension:minPinLength: true, webauthn:extension:prf: true, webauthn:virtualAuthenticators: true}
Session ID: 48478be068cdf840a5f1d1fc70ec9122
	at org.openqa.selenium.remote.http.jdk.JdkHttpClient.execute0(JdkHttpClient.java:402)
	at org.openqa.selenium.remote.http.AddSeleniumUserAgent.lambda$apply$0(AddSeleniumUserAgent.java:42)
	at org.openqa.selenium.remote.http.Filter.lambda$andFinally$1(Filter.java:55)
	at org.openqa.selenium.remote.http.jdk.JdkHttpClient.execute(JdkHttpClient.java:358)
	at org.openqa.selenium.remote.HttpCommandExecutor.execute(HttpCommandExecutor.java:187)
	at org.openqa.selenium.remote.service.DriverCommandExecutor.invokeExecute(DriverCommandExecutor.java:216)
	at org.openqa.selenium.remote.service.DriverCommandExecutor.execute(DriverCommandExecutor.java:174)
	at org.openqa.selenium.remote.RemoteWebDriver.execute(RemoteWebDriver.java:519)
	at org.openqa.selenium.remote.RemoteWebDriver.get(RemoteWebDriver.java:301)
	at pom.beyondwalls.utility.BaseTest.browserConfig(BaseTest.java:123)
	at java.base/java.util.ArrayList.forEach(ArrayList.java:1511)
Caused by: java.util.concurrent.TimeoutException
	at java.base/java.util.concurrent.CompletableFuture.timedGet(CompletableFuture.java:1960)
	at java.base/java.util.concurrent.CompletableFuture.get(CompletableFuture.java:2095)
	at org.openqa.selenium.remote.http.jdk.JdkHttpClient.execute0(JdkHttpClient.java:385)
	... 39 more
... Removed 29 stack frames</div></td></tr></table><p class="totop"><a href="#summary">back to summary</a></p>
<h3 id="m12">addBrokerageScheme.AddBookingBrokerage#addBookingBrokerage</h3><table class="result"><tr><th>Exception</th></tr><tr><td><div class="stacktrace">org.openqa.selenium.NoSuchElementException: Cannot locate option with index: 1
For documentation on this error, please visit: https://www.selenium.dev/documentation/webdriver/troubleshooting/errors#no-such-element-exception
Build info: version: &apos;4.17.0&apos;, revision: &apos;e52b1be057*&apos;
System info: os.name: &apos;Windows 11&apos;, os.arch: &apos;amd64&apos;, os.version: &apos;10.0&apos;, java.version: &apos;19&apos;
Driver info: driver.version: unknown
	at org.openqa.selenium.support.ui.Select.setSelectedByIndex(Select.java:303)
	at org.openqa.selenium.support.ui.Select.selectByIndex(Select.java:179)
	at pom.userActions.addBrokerageScheme.selectResource(addBrokerageScheme.java:140)
	at addBrokerageScheme.AddBookingBrokerage.addBookingBrokerage(AddBookingBrokerage.java:25)
	at java.base/java.util.ArrayList.forEach(ArrayList.java:1511)
... Removed 25 stack frames</div></td></tr></table><p class="totop"><a href="#summary">back to summary</a></p>
<h3 id="m13">addBrokerageScheme.AddEveryBrokerage#addEveryBrokerage</h3><table class="result"><tr><th>Exception</th></tr><tr><td><div class="stacktrace">org.openqa.selenium.ElementClickInterceptedException: element click intercepted: Element &lt;input required=&quot;required&quot; class=&quot;form-check-input wd-22&quot; type=&quot;radio&quot; value=&quot;non_spot&quot; name=&quot;incentive_scheme[booking_type]&quot; id=&quot;incentive_scheme_booking_type_non_spot&quot; style=&quot;border: 5px solid green;&quot;&gt; is not clickable at point (1381, 10). Other element would receive the click: &lt;h3 class=&quot;title&quot;&gt;...&lt;/h3&gt;
  (Session info: chrome=121.0.6167.87)
Build info: version: &apos;4.17.0&apos;, revision: &apos;e52b1be057*&apos;
System info: os.name: &apos;Windows 11&apos;, os.arch: &apos;amd64&apos;, os.version: &apos;10.0&apos;, java.version: &apos;19&apos;
Driver info: org.openqa.selenium.chrome.ChromeDriver
Command: [8fd8589060196ae12b9d6f739aae3f6e, clickElement {id=1FE1668B750EA82296FA2A78BDA10F0F_element_214}]
Capabilities {acceptInsecureCerts: false, browserName: chrome, browserVersion: 121.0.6167.87, chrome: {chromedriverVersion: 121.0.6167.85 (3f98d690ad7e..., userDataDir: C:\Users\SIF-L\AppData\Loca...}, fedcm:accounts: true, goog:chromeOptions: {debuggerAddress: localhost:52806}, networkConnectionEnabled: false, pageLoadStrategy: normal, platformName: windows, proxy: Proxy(), se:cdp: ws://localhost:52806/devtoo..., se:cdpVersion: 121.0.6167.87, setWindowRect: true, strictFileInteractability: false, timeouts: {implicit: 0, pageLoad: 300000, script: 30000}, unhandledPromptBehavior: dismiss and notify, webauthn:extension:credBlob: true, webauthn:extension:largeBlob: true, webauthn:extension:minPinLength: true, webauthn:extension:prf: true, webauthn:virtualAuthenticators: true}
Element: [[ChromeDriver: chrome on windows (8fd8589060196ae12b9d6f739aae3f6e)] -&gt; xpath: //input[@id=&apos;incentive_scheme_booking_type_non_spot&apos;]]
Session ID: 8fd8589060196ae12b9d6f739aae3f6e
	at org.openqa.selenium.remote.codec.w3c.W3CHttpResponseCodec.createException(W3CHttpResponseCodec.java:185)
	at org.openqa.selenium.remote.codec.w3c.W3CHttpResponseCodec.decode(W3CHttpResponseCodec.java:134)
	at org.openqa.selenium.remote.codec.w3c.W3CHttpResponseCodec.decode(W3CHttpResponseCodec.java:51)
	at org.openqa.selenium.remote.HttpCommandExecutor.execute(HttpCommandExecutor.java:190)
	at org.openqa.selenium.remote.service.DriverCommandExecutor.invokeExecute(DriverCommandExecutor.java:216)
	at org.openqa.selenium.remote.service.DriverCommandExecutor.execute(DriverCommandExecutor.java:174)
	at org.openqa.selenium.remote.RemoteWebDriver.execute(RemoteWebDriver.java:519)
	at org.openqa.selenium.remote.RemoteWebElement.execute(RemoteWebElement.java:223)
	at org.openqa.selenium.remote.RemoteWebElement.click(RemoteWebElement.java:76)
	at org.openqa.selenium.support.pagefactory.internal.LocatingElementHandler.invoke(LocatingElementHandler.java:51)
	at jdk.proxy2/jdk.proxy2.$Proxy14.click(Unknown Source)
	at pom.userActions.addBrokerageScheme.selectEveryBookingType(addBrokerageScheme.java:166)
	at addBrokerageScheme.AddEveryBrokerage.addEveryBrokerage(AddEveryBrokerage.java:25)
	at java.base/java.util.ArrayList.forEach(ArrayList.java:1511)
... Removed 30 stack frames</div></td></tr></table><p class="totop"><a href="#summary">back to summary</a></p>
<h3 id="m14">addBrokerageScheme.AddSpotBrokerage#addSpotBrokerage</h3><table class="result"><tr><th>Exception</th></tr><tr><td><div class="stacktrace">org.openqa.selenium.NoSuchElementException: Cannot locate option with index: 1
For documentation on this error, please visit: https://www.selenium.dev/documentation/webdriver/troubleshooting/errors#no-such-element-exception
Build info: version: &apos;4.17.0&apos;, revision: &apos;e52b1be057*&apos;
System info: os.name: &apos;Windows 11&apos;, os.arch: &apos;amd64&apos;, os.version: &apos;10.0&apos;, java.version: &apos;19&apos;
Driver info: driver.version: unknown
	at org.openqa.selenium.support.ui.Select.setSelectedByIndex(Select.java:303)
	at org.openqa.selenium.support.ui.Select.selectByIndex(Select.java:179)
	at pom.userActions.addBrokerageScheme.selectResource(addBrokerageScheme.java:140)
	at addBrokerageScheme.AddSpotBrokerage.addSpotBrokerage(AddSpotBrokerage.java:25)
	at java.base/java.util.ArrayList.forEach(ArrayList.java:1511)
... Removed 25 stack frames</div></td></tr></table><p class="totop"><a href="#summary">back to summary</a></p>
<h3 id="m15">addBrokerageScheme.AddWalkinBrokerage#addWalkinBrokerage</h3><table class="result"><tr><th>Exception</th></tr><tr><td><div class="stacktrace">org.openqa.selenium.NoSuchElementException: Cannot locate option with index: 1
For documentation on this error, please visit: https://www.selenium.dev/documentation/webdriver/troubleshooting/errors#no-such-element-exception
Build info: version: &apos;4.17.0&apos;, revision: &apos;e52b1be057*&apos;
System info: os.name: &apos;Windows 11&apos;, os.arch: &apos;amd64&apos;, os.version: &apos;10.0&apos;, java.version: &apos;19&apos;
Driver info: driver.version: unknown
	at org.openqa.selenium.support.ui.Select.setSelectedByIndex(Select.java:303)
	at org.openqa.selenium.support.ui.Select.selectByIndex(Select.java:179)
	at pom.userActions.addBrokerageScheme.selectResource(addBrokerageScheme.java:140)
	at addBrokerageScheme.AddWalkinBrokerage.addWalkinBrokerage(AddWalkinBrokerage.java:25)
	at java.base/java.util.ArrayList.forEach(ArrayList.java:1511)
... Removed 25 stack frames</div></td></tr></table><p class="totop"><a href="#summary">back to summary</a></p>
<h3 id="m16">addBrokerageScheme.AddbothBrokerages#addbothBrokerages</h3><table class="result"><tr><th>Exception</th></tr><tr><td><div class="stacktrace">org.openqa.selenium.NoSuchElementException: Cannot locate option with index: 1
For documentation on this error, please visit: https://www.selenium.dev/documentation/webdriver/troubleshooting/errors#no-such-element-exception
Build info: version: &apos;4.17.0&apos;, revision: &apos;e52b1be057*&apos;
System info: os.name: &apos;Windows 11&apos;, os.arch: &apos;amd64&apos;, os.version: &apos;10.0&apos;, java.version: &apos;19&apos;
Driver info: driver.version: unknown
	at org.openqa.selenium.support.ui.Select.setSelectedByIndex(Select.java:303)
	at org.openqa.selenium.support.ui.Select.selectByIndex(Select.java:179)
	at pom.userActions.addBrokerageScheme.selectResource(addBrokerageScheme.java:140)
	at addBrokerageScheme.AddbothBrokerages.addbothBrokerages(AddbothBrokerages.java:25)
	at java.base/java.util.ArrayList.forEach(ArrayList.java:1511)
... Removed 25 stack frames</div></td></tr></table><p class="totop"><a href="#summary">back to summary</a></p>
<h3 id="m17">basicCPFlow.SuiteOne#addBooking</h3><table class="result"><tr><th>Exception</th></tr><tr><td><div class="stacktrace">org.openqa.selenium.TimeoutException: java.util.concurrent.TimeoutException
Build info: version: &apos;4.17.0&apos;, revision: &apos;e52b1be057*&apos;
System info: os.name: &apos;Windows 11&apos;, os.arch: &apos;amd64&apos;, os.version: &apos;10.0&apos;, java.version: &apos;19&apos;
Driver info: org.openqa.selenium.chrome.ChromeDriver
Command: [ca7a08a8df8757b38bfbb8abc3cbeaf6, clickElement {id=3C3638CF2ECA1FA54DD27790F62024C9_element_24}]
Capabilities {acceptInsecureCerts: false, browserName: chrome, browserVersion: 121.0.6167.87, chrome: {chromedriverVersion: 121.0.6167.85 (3f98d690ad7e..., userDataDir: C:\Users\SIF-L\AppData\Loca...}, fedcm:accounts: true, goog:chromeOptions: {debuggerAddress: localhost:51111}, networkConnectionEnabled: false, pageLoadStrategy: normal, platformName: windows, proxy: Proxy(), se:cdp: ws://localhost:51111/devtoo..., se:cdpVersion: 121.0.6167.87, setWindowRect: true, strictFileInteractability: false, timeouts: {implicit: 0, pageLoad: 300000, script: 30000}, unhandledPromptBehavior: dismiss and notify, webauthn:extension:credBlob: true, webauthn:extension:largeBlob: true, webauthn:extension:minPinLength: true, webauthn:extension:prf: true, webauthn:virtualAuthenticators: true}
Element: [[ChromeDriver: chrome on windows (ca7a08a8df8757b38bfbb8abc3cbeaf6)] -&gt; xpath: //input[@value=&apos;Verify your Account&apos;]]
Session ID: ca7a08a8df8757b38bfbb8abc3cbeaf6
	at org.openqa.selenium.remote.http.jdk.JdkHttpClient.execute0(JdkHttpClient.java:402)
	at org.openqa.selenium.remote.http.AddSeleniumUserAgent.lambda$apply$0(AddSeleniumUserAgent.java:42)
	at org.openqa.selenium.remote.http.Filter.lambda$andFinally$1(Filter.java:55)
	at org.openqa.selenium.remote.http.jdk.JdkHttpClient.execute(JdkHttpClient.java:358)
	at org.openqa.selenium.remote.HttpCommandExecutor.execute(HttpCommandExecutor.java:187)
	at org.openqa.selenium.remote.service.DriverCommandExecutor.invokeExecute(DriverCommandExecutor.java:216)
	at org.openqa.selenium.remote.service.DriverCommandExecutor.execute(DriverCommandExecutor.java:174)
	at org.openqa.selenium.remote.RemoteWebDriver.execute(RemoteWebDriver.java:519)
	at org.openqa.selenium.remote.RemoteWebElement.execute(RemoteWebElement.java:223)
	at org.openqa.selenium.remote.RemoteWebElement.click(RemoteWebElement.java:76)
	at org.openqa.selenium.support.pagefactory.internal.LocatingElementHandler.invoke(LocatingElementHandler.java:51)
	at jdk.proxy2/jdk.proxy2.$Proxy14.click(Unknown Source)
	at pom.userActions.LoginPage.clickonverify(LoginPage.java:72)
	at pom.userActions.LoginPage.logIn(LoginPage.java:110)
	at basicCPFlow.SuiteOne.addWalkIn(SuiteOne.java:18)
	at basicCPFlow.SuiteOne.conductWalkin(SuiteOne.java:33)
	at basicCPFlow.SuiteOne.addBooking(SuiteOne.java:44)
	at java.base/java.util.ArrayList.forEach(ArrayList.java:1511)
Caused by: java.util.concurrent.TimeoutException
	at java.base/java.util.concurrent.CompletableFuture.timedGet(CompletableFuture.java:1960)
	at java.base/java.util.concurrent.CompletableFuture.get(CompletableFuture.java:2095)
	at org.openqa.selenium.remote.http.jdk.JdkHttpClient.execute0(JdkHttpClient.java:385)
	... 44 more
... Removed 27 stack frames</div></td></tr></table><p class="totop"><a href="#summary">back to summary</a></p>
<h3 id="m18">checkingFilters.FiltersonProjectPage#checkFilters</h3><table class="result"><tr><th>Exception</th></tr><tr><td><div class="stacktrace">org.openqa.selenium.TimeoutException: Expected condition failed: waiting for element to be clickable: [[ChromeDriver: chrome on windows (b22a27af5e8efaee10b8e98046b0eb72)] -&gt; xpath: //input[@id=&apos;fltrs_possession&apos;]] (tried for 5 second(s) with 500 milliseconds interval)
Build info: version: &apos;4.17.0&apos;, revision: &apos;e52b1be057*&apos;
System info: os.name: &apos;Windows 11&apos;, os.arch: &apos;amd64&apos;, os.version: &apos;10.0&apos;, java.version: &apos;19&apos;
Driver info: org.openqa.selenium.chrome.ChromeDriver
Capabilities {acceptInsecureCerts: false, browserName: chrome, browserVersion: 121.0.6167.87, chrome: {chromedriverVersion: 121.0.6167.85 (3f98d690ad7e..., userDataDir: C:\Users\SIF-L\AppData\Loca...}, fedcm:accounts: true, goog:chromeOptions: {debuggerAddress: localhost:50077}, networkConnectionEnabled: false, pageLoadStrategy: normal, platformName: windows, proxy: Proxy(), se:cdp: ws://localhost:50077/devtoo..., se:cdpVersion: 121.0.6167.87, setWindowRect: true, strictFileInteractability: false, timeouts: {implicit: 0, pageLoad: 300000, script: 30000}, unhandledPromptBehavior: dismiss and notify, webauthn:extension:credBlob: true, webauthn:extension:largeBlob: true, webauthn:extension:minPinLength: true, webauthn:extension:prf: true, webauthn:virtualAuthenticators: true}
Session ID: b22a27af5e8efaee10b8e98046b0eb72
	at org.openqa.selenium.support.ui.WebDriverWait.timeoutException(WebDriverWait.java:84)
	at org.openqa.selenium.support.ui.FluentWait.until(FluentWait.java:228)
	at pom.beyondwalls.utility.ReusableUtils.waitUntilClickable(ReusableUtils.java:219)
	at pom.userActions.FiltersonProjectListing.enterpossessionDate(FiltersonProjectListing.java:126)
	at checkingFilters.FiltersonProjectPage.checkFilters(FiltersonProjectPage.java:23)
	at java.base/java.util.ArrayList.forEach(ArrayList.java:1511)
... Removed 25 stack frames</div></td></tr></table><p class="totop"><a href="#summary">back to summary</a></p>
<h3 id="m19">checkingFilters.FiltersonWalkinPage#TC01</h3><table class="result"><tr><th>Exception</th></tr><tr><td><div class="stacktrace">org.openqa.selenium.TimeoutException: Expected condition failed: waiting for element to be clickable: [[ChromeDriver: chrome on windows (405f9cb920271284eb92e85efd9fe49f)] -&gt; xpath: //input[@value=&apos;Apply&apos;]] (tried for 5 second(s) with 500 milliseconds interval)
Build info: version: &apos;4.17.0&apos;, revision: &apos;e52b1be057*&apos;
System info: os.name: &apos;Windows 11&apos;, os.arch: &apos;amd64&apos;, os.version: &apos;10.0&apos;, java.version: &apos;19&apos;
Driver info: org.openqa.selenium.chrome.ChromeDriver
Capabilities {acceptInsecureCerts: false, browserName: chrome, browserVersion: 121.0.6167.87, chrome: {chromedriverVersion: 121.0.6167.85 (3f98d690ad7e..., userDataDir: C:\Users\SIF-L\AppData\Loca...}, fedcm:accounts: true, goog:chromeOptions: {debuggerAddress: localhost:50531}, networkConnectionEnabled: false, pageLoadStrategy: normal, platformName: windows, proxy: Proxy(), se:cdp: ws://localhost:50531/devtoo..., se:cdpVersion: 121.0.6167.87, setWindowRect: true, strictFileInteractability: false, timeouts: {implicit: 0, pageLoad: 300000, script: 30000}, unhandledPromptBehavior: dismiss and notify, webauthn:extension:credBlob: true, webauthn:extension:largeBlob: true, webauthn:extension:minPinLength: true, webauthn:extension:prf: true, webauthn:virtualAuthenticators: true}
Session ID: 405f9cb920271284eb92e85efd9fe49f
	at org.openqa.selenium.support.ui.WebDriverWait.timeoutException(WebDriverWait.java:84)
	at org.openqa.selenium.support.ui.FluentWait.until(FluentWait.java:228)
	at pom.beyondwalls.utility.ReusableUtils.waitUntilClickable(ReusableUtils.java:219)
	at pom.userActions.FiltersonWalkinsListing.applyFilter(FiltersonWalkinsListing.java:197)
	at checkingFilters.FiltersonWalkinPage.TC01(FiltersonWalkinPage.java:26)
	at java.base/java.util.ArrayList.forEach(ArrayList.java:1511)
... Removed 25 stack frames</div></td></tr></table><p class="totop"><a href="#summary">back to summary</a></p>
<h3 id="m20">cpUserRegistration.CpOnboardingwithExisting#cpOnboardingwithExisting</h3><table class="result"><tr><th>Exception</th></tr><tr><td><div class="stacktrace">org.openqa.selenium.TimeoutException: java.util.concurrent.TimeoutException
Build info: version: &apos;4.17.0&apos;, revision: &apos;e52b1be057*&apos;
System info: os.name: &apos;Windows 11&apos;, os.arch: &apos;amd64&apos;, os.version: &apos;10.0&apos;, java.version: &apos;19&apos;
Driver info: org.openqa.selenium.chrome.ChromeDriver
Command: [e1c626064d04dfb6535eeb634c7c675b, clickElement {id=1A4117B72FDF05FB4F4B525A4C5D69AE_element_65}]
Capabilities {acceptInsecureCerts: false, browserName: chrome, browserVersion: 121.0.6167.87, chrome: {chromedriverVersion: 121.0.6167.85 (3f98d690ad7e..., userDataDir: C:\Users\SIF-L\AppData\Loca...}, fedcm:accounts: true, goog:chromeOptions: {debuggerAddress: localhost:49259}, networkConnectionEnabled: false, pageLoadStrategy: normal, platformName: windows, proxy: Proxy(), se:cdp: ws://localhost:49259/devtoo..., se:cdpVersion: 121.0.6167.87, setWindowRect: true, strictFileInteractability: false, timeouts: {implicit: 0, pageLoad: 300000, script: 30000}, unhandledPromptBehavior: dismiss and notify, webauthn:extension:credBlob: true, webauthn:extension:largeBlob: true, webauthn:extension:minPinLength: true, webauthn:extension:prf: true, webauthn:virtualAuthenticators: true}
Element: [[ChromeDriver: chrome on windows (e1c626064d04dfb6535eeb634c7c675b)] -&gt; xpath: //input[@value=&apos;Verify your Account&apos;]]
Session ID: e1c626064d04dfb6535eeb634c7c675b
	at org.openqa.selenium.remote.http.jdk.JdkHttpClient.execute0(JdkHttpClient.java:402)
	at org.openqa.selenium.remote.http.AddSeleniumUserAgent.lambda$apply$0(AddSeleniumUserAgent.java:42)
	at org.openqa.selenium.remote.http.Filter.lambda$andFinally$1(Filter.java:55)
	at org.openqa.selenium.remote.http.jdk.JdkHttpClient.execute(JdkHttpClient.java:358)
	at org.openqa.selenium.remote.HttpCommandExecutor.execute(HttpCommandExecutor.java:187)
	at org.openqa.selenium.remote.service.DriverCommandExecutor.invokeExecute(DriverCommandExecutor.java:216)
	at org.openqa.selenium.remote.service.DriverCommandExecutor.execute(DriverCommandExecutor.java:174)
	at org.openqa.selenium.remote.RemoteWebDriver.execute(RemoteWebDriver.java:519)
	at org.openqa.selenium.remote.RemoteWebElement.execute(RemoteWebElement.java:223)
	at org.openqa.selenium.remote.RemoteWebElement.click(RemoteWebElement.java:76)
	at org.openqa.selenium.support.pagefactory.internal.LocatingElementHandler.invoke(LocatingElementHandler.java:51)
	at jdk.proxy2/jdk.proxy2.$Proxy14.click(Unknown Source)
	at pom.userActions.LoginPage.clickonverify(LoginPage.java:72)
	at cpUserRegistration.CpOnboardingwithExisting.logIn(CpOnboardingwithExisting.java:31)
	at cpUserRegistration.CpOnboardingwithExisting.cpOnboardingwithExisting(CpOnboardingwithExisting.java:39)
	at java.base/java.util.ArrayList.forEach(ArrayList.java:1511)
Caused by: java.util.concurrent.TimeoutException
	at java.base/java.util.concurrent.CompletableFuture.timedGet(CompletableFuture.java:1960)
	at java.base/java.util.concurrent.CompletableFuture.get(CompletableFuture.java:2095)
	at org.openqa.selenium.remote.http.jdk.JdkHttpClient.execute0(JdkHttpClient.java:385)
	... 42 more
... Removed 27 stack frames</div></td></tr></table><p class="totop"><a href="#summary">back to summary</a></p>
<h3 id="m21">rechargeWallet.RechargeWallet#rechargeProjectWallet</h3><table class="result"><tr><th>Exception</th></tr><tr><td><div class="stacktrace">org.openqa.selenium.TimeoutException: Expected condition failed: waiting for element to be clickable: Proxy element for: DefaultElementLocator &apos;By.cssSelector: button[method=&apos;netbanking&apos;]&apos; (tried for 5 second(s) with 500 milliseconds interval)
	at org.openqa.selenium.support.ui.WebDriverWait.timeoutException(WebDriverWait.java:84)
	at org.openqa.selenium.support.ui.FluentWait.until(FluentWait.java:228)
	at pom.beyondwalls.utility.ReusableUtils.waitUntilClickable(ReusableUtils.java:219)
	at pom.userActions.WalletRecharge.razorPayFlow(WalletRecharge.java:214)
	at rechargeWallet.RechargeWallet.rechargeProjectWallet(RechargeWallet.java:28)
	at java.base/java.util.ArrayList.forEach(ArrayList.java:1511)
Caused by: org.openqa.selenium.NoSuchElementException: no such element: Unable to locate element: {&quot;method&quot;:&quot;css selector&quot;,&quot;selector&quot;:&quot;button[method=&apos;netbanking&apos;]&quot;}
  (Session info: chrome=121.0.6167.87)
For documentation on this error, please visit: https://www.selenium.dev/documentation/webdriver/troubleshooting/errors#no-such-element-exception
Build info: version: &apos;4.17.0&apos;, revision: &apos;e52b1be057*&apos;
System info: os.name: &apos;Windows 11&apos;, os.arch: &apos;amd64&apos;, os.version: &apos;10.0&apos;, java.version: &apos;19&apos;
Driver info: org.openqa.selenium.chrome.ChromeDriver
Command: [f1a0831540ef3216bc0c503129247b1f, findElement {value=button[method=&apos;netbanking&apos;], using=css selector}]
Capabilities {acceptInsecureCerts: false, browserName: chrome, browserVersion: 121.0.6167.87, chrome: {chromedriverVersion: 121.0.6167.85 (3f98d690ad7e..., userDataDir: C:\Users\SIF-L\AppData\Loca...}, fedcm:accounts: true, goog:chromeOptions: {debuggerAddress: localhost:53489}, networkConnectionEnabled: false, pageLoadStrategy: normal, platformName: windows, proxy: Proxy(), se:cdp: ws://localhost:53489/devtoo..., se:cdpVersion: 121.0.6167.87, setWindowRect: true, strictFileInteractability: false, timeouts: {implicit: 0, pageLoad: 300000, script: 30000}, unhandledPromptBehavior: dismiss and notify, webauthn:extension:credBlob: true, webauthn:extension:largeBlob: true, webauthn:extension:minPinLength: true, webauthn:extension:prf: true, webauthn:virtualAuthenticators: true}
Session ID: f1a0831540ef3216bc0c503129247b1f
	at org.openqa.selenium.remote.codec.w3c.W3CHttpResponseCodec.createException(W3CHttpResponseCodec.java:185)
	at org.openqa.selenium.remote.codec.w3c.W3CHttpResponseCodec.decode(W3CHttpResponseCodec.java:134)
	at org.openqa.selenium.remote.codec.w3c.W3CHttpResponseCodec.decode(W3CHttpResponseCodec.java:51)
	at org.openqa.selenium.remote.HttpCommandExecutor.execute(HttpCommandExecutor.java:190)
	at org.openqa.selenium.remote.service.DriverCommandExecutor.invokeExecute(DriverCommandExecutor.java:216)
	at org.openqa.selenium.remote.service.DriverCommandExecutor.execute(DriverCommandExecutor.java:174)
	at org.openqa.selenium.remote.RemoteWebDriver.execute(RemoteWebDriver.java:519)
	at org.openqa.selenium.remote.ElementLocation$ElementFinder$2.findElement(ElementLocation.java:165)
	at org.openqa.selenium.remote.ElementLocation.findElement(ElementLocation.java:59)
	at org.openqa.selenium.remote.RemoteWebDriver.findElement(RemoteWebDriver.java:356)
	at org.openqa.selenium.remote.RemoteWebDriver.findElement(RemoteWebDriver.java:350)
	at org.openqa.selenium.support.pagefactory.DefaultElementLocator.findElement(DefaultElementLocator.java:68)
	at org.openqa.selenium.support.pagefactory.internal.LocatingElementHandler.invoke(LocatingElementHandler.java:38)
	at jdk.proxy2/jdk.proxy2.$Proxy14.isDisplayed(Unknown Source)
	at org.openqa.selenium.support.ui.ExpectedConditions.elementIfVisible(ExpectedConditions.java:304)
	at org.openqa.selenium.support.ui.ExpectedConditions$10.apply(ExpectedConditions.java:290)
	at org.openqa.selenium.support.ui.ExpectedConditions$10.apply(ExpectedConditions.java:287)
	at org.openqa.selenium.support.ui.ExpectedConditions$23.apply(ExpectedConditions.java:656)
	at org.openqa.selenium.support.ui.ExpectedConditions$23.apply(ExpectedConditions.java:652)
	at org.openqa.selenium.support.ui.FluentWait.until(FluentWait.java:203)
	... 29 more
... Removed 28 stack frames</div></td></tr></table><p class="totop"><a href="#summary">back to summary</a></p>
<h3 id="m22">userApprovalsinCompany.UserInExistingCompany#approveCP</h3><table class="result"><tr><th>Exception</th></tr><tr><td><div class="stacktrace">org.openqa.selenium.TimeoutException: Expected condition failed: waiting for visibility of [[ChromeDriver: chrome on windows (57e42541cae897a296047093832b2a71)] -&gt; xpath: //input[@id=&apos;user_login_otp&apos;]] (tried for 5 second(s) with 500 milliseconds interval)
Build info: version: &apos;4.17.0&apos;, revision: &apos;e52b1be057*&apos;
System info: os.name: &apos;Windows 11&apos;, os.arch: &apos;amd64&apos;, os.version: &apos;10.0&apos;, java.version: &apos;19&apos;
Driver info: org.openqa.selenium.chrome.ChromeDriver
Capabilities {acceptInsecureCerts: false, browserName: chrome, browserVersion: 121.0.6167.87, chrome: {chromedriverVersion: 121.0.6167.85 (3f98d690ad7e..., userDataDir: C:\Users\SIF-L\AppData\Loca...}, fedcm:accounts: true, goog:chromeOptions: {debuggerAddress: localhost:49927}, networkConnectionEnabled: false, pageLoadStrategy: normal, platformName: windows, proxy: Proxy(), se:cdp: ws://localhost:49927/devtoo..., se:cdpVersion: 121.0.6167.87, setWindowRect: true, strictFileInteractability: false, timeouts: {implicit: 0, pageLoad: 300000, script: 30000}, unhandledPromptBehavior: dismiss and notify, webauthn:extension:credBlob: true, webauthn:extension:largeBlob: true, webauthn:extension:minPinLength: true, webauthn:extension:prf: true, webauthn:virtualAuthenticators: true}
Session ID: 57e42541cae897a296047093832b2a71
	at org.openqa.selenium.support.ui.WebDriverWait.timeoutException(WebDriverWait.java:84)
	at org.openqa.selenium.support.ui.FluentWait.until(FluentWait.java:228)
	at pom.beyondwalls.utility.ReusableUtils.waitUntilVisiblity(ReusableUtils.java:163)
	at pom.userActions.LoginPage.enterUserOtp(LoginPage.java:68)
	at pom.userActions.LoginPage.logIn(LoginPage.java:109)
	at userApprovalsinCompany.UserInExistingCompany.approveCP(UserInExistingCompany.java:14)
	at java.base/java.util.ArrayList.forEach(ArrayList.java:1511)
... Removed 25 stack frames</div></td></tr></table><p class="totop"><a href="#summary">back to summary</a></p>
<h3 id="m23">addInternalUser.AddUsers#addUsers</h3><table class="result"><tr><th class="invisible"/></tr></table><p class="totop"><a href="#summary">back to summary</a></p>
<h3 id="m24">addNewProject.AddNewProject#addProject</h3><table class="result"><tr><th class="invisible"/></tr></table><p class="totop"><a href="#summary">back to summary</a></p>
<h3 id="m25">checkingFilters.FiltersonBookingPage#TC01</h3><table class="result"><tr><th class="invisible"/></tr></table><p class="totop"><a href="#summary">back to summary</a></p>
<h3 id="m26">checkingFilters.FiltersonProjectPage#checkInactiveProjects</h3><table class="result"><tr><th class="invisible"/></tr></table><p class="totop"><a href="#summary">back to summary</a></p>
<h3 id="m27">checkingFilters.FiltersonProjectPage#checkPossessionDate</h3><table class="result"><tr><th class="invisible"/></tr></table><p class="totop"><a href="#summary">back to summary</a></p>
<h3 id="m28">cpUserRegistration.CPuserRegistrationwithNewCompany#cpOnboardingwithNew</h3><table class="result"><tr><th class="invisible"/></tr></table><p class="totop"><a href="#summary">back to summary</a></p>
<h3 id="m29">cpUserRegistration.CpOnboardingwithExisting#cpOnboardingwithExisting</h3><table class="result"><tr><th class="invisible"/></tr></table><p class="totop"><a href="#summary">back to summary</a></p>
<h3 id="m30">cphActions.BookingActions#bookingCphActions</h3><table class="result"><tr><th class="invisible"/></tr></table><p class="totop"><a href="#summary">back to summary</a></p>
<h3 id="m31">cphActions.WalkinActions#walkinActions</h3><table class="result"><tr><th class="invisible"/></tr></table><p class="totop"><a href="#summary">back to summary</a></p>
<h3 id="m32">dsmActions.BookingActions#bookingDsmActions</h3><table class="result"><tr><th class="invisible"/></tr></table><p class="totop"><a href="#summary">back to summary</a></p>
<h3 id="m33">dsmActions.WalkinActions#walkinActions</h3><table class="result"><tr><th class="invisible"/></tr></table><p class="totop"><a href="#summary">back to summary</a></p>
<h3 id="m34">rechargeWallet.EditIncentives#TC03</h3><table class="result"><tr><th class="invisible"/></tr></table><p class="totop"><a href="#summary">back to summary</a></p>
<h3 id="m35">rechargeWallet.EditProject#TC04</h3><table class="result"><tr><th class="invisible"/></tr></table><p class="totop"><a href="#summary">back to summary</a></p>
<h3 id="m36">rechargeWallet.TransferWalletBalance#TC02</h3><table class="result"><tr><th class="invisible"/></tr></table><p class="totop"><a href="#summary">back to summary</a></p>
<h3 id="m37">userApprovalsinCompany.ApprovalofPartnerCompany#approveCompany</h3><table class="result"><tr><th class="invisible"/></tr></table><p class="totop"><a href="#summary">back to summary</a></p>
<h3 id="m38">userLogIn.UserLogin#logIn</h3><table class="result"><tr><th class="invisible"/></tr></table><p class="totop"><a href="#summary">back to summary</a></p>
</body>
</html>
